I201114 02:21:38.523799 1 util/log/sync_buffer.go:195 ⋮ [config] file created at: 2020/11/14 02:21:38
I201114 02:21:38.523825 1 util/log/sync_buffer.go:195 ⋮ [config] running on machine: ‹Emilys-MacBook›
I201114 02:21:38.523839 1 util/log/sync_buffer.go:195 ⋮ [config] binary: CockroachDB CCL v20.2.0 (x86_64-apple-darwin14, built 2020/11/09 16:07:07, go1.13.14)
I201114 02:21:38.523850 1 util/log/sync_buffer.go:195 ⋮ [config] arguments: ‹[cockroach start --insecure --store=node1 --listen-addr=localhost:26257 --http-addr=localhost:8000 --join=localhost:26257,localhost:26258,localhost:26259]›
I201114 02:21:38.523878 1 util/log/sync_buffer.go:195 ⋮ [config] line format: [IWEF]yymmdd hh:mm:ss.uuuuuu goid file:line msg utf8=✓
W201114 02:21:38.521740 1 cli/start.go:1138 ⋮ ALL SECURITY CONTROLS HAVE BEEN DISABLED!

This mode is intended for non-production testing only.

In this mode:
- Your cluster is open to any client that can access ‹localhost›.
- Intruders with access to your machine or network can observe client-server traffic.
- Intruders can log in without password and read or write any data in the cluster.
- Intruders can consume all your server's resources and cause unavailability.
I201114 02:21:38.524466 1 cli/start.go:1148 ⋮ To start a secure server without mandating TLS for clients,
consider --accept-sql-without-tls instead. For other options, see:

- ‹https://go.crdb.dev/issue-v/53404/v20.2›
- https://www.cockroachlabs.com/docs/v20.2/secure-a-cluster.html
W201114 02:21:38.524595 1 cli/start.go:982 ⋮ ‹Using the default setting for --cache (128 MiB).›
‹  A significantly larger value is usually needed for good performance.›
‹  If you have a dedicated server a reasonable setting is --cache=.25 (2.0 GiB).›
I201114 02:21:38.524743 1 cli/start.go:1163 ⋮ ‹CockroachDB CCL v20.2.0 (x86_64-apple-darwin14, built 2020/11/09 16:07:07, go1.13.14)›
I201114 02:21:38.670020 1 server/config.go:433 ⋮ system total memory: ‹8.0 GiB›
I201114 02:21:38.670497 1 server/config.go:435 ⋮ server configuration:
‹max offset             500000000›
‹cache size             128 MiB›
‹SQL memory pool size   2.0 GiB›
‹scan interval          10m0s›
‹scan min idle time     10ms›
‹scan max idle time     1s›
‹event log enabled      true›
I201114 02:21:38.670614 1 cli/start.go:960 ⋮ using local environment variables: ‹COCKROACH_BACKGROUND_RESTART=1›
I201114 02:21:38.670730 1 cli/start.go:967 ⋮ process identity: ‹uid 501 euid 501 gid 20 egid 20›
I201114 02:21:38.694976 1 cli/start.go:503 ⋮ GEOS loaded from directory ‹/usr/local/lib/cockroach›
I201114 02:21:38.695041 1 cli/start.go:508 ⋮ starting cockroach node
I201114 02:21:39.576689 55 server/server.go:781 ⋮ [n?] monitoring forward clock jumps based on server.clock.forward_jump_check_enabled
E201114 02:21:39.980708 1 cli/error.go:398 ⋮ ‹ERROR: cannot dial server.›
‹Is the server running?›
‹If the server is running, check --host client-side and --advertise server-side.›
‹cockroach server exited with error: consider changing the port via --http-addr: listen tcp 127.0.0.1:8000: bind: address already in use›
