I201114 02:18:05.572818 1 util/log/sync_buffer.go:195 ⋮ [config] file created at: 2020/11/14 02:18:05
I201114 02:18:05.572852 1 util/log/sync_buffer.go:195 ⋮ [config] running on machine: ‹Emilys-MacBook›
I201114 02:18:05.572869 1 util/log/sync_buffer.go:195 ⋮ [config] binary: CockroachDB CCL v20.2.0 (x86_64-apple-darwin14, built 2020/11/09 16:07:07, go1.13.14)
I201114 02:18:05.572879 1 util/log/sync_buffer.go:195 ⋮ [config] arguments: ‹[cockroach start-single-node]›
I201114 02:18:05.572901 1 util/log/sync_buffer.go:195 ⋮ [config] line format: [IWEF]yymmdd hh:mm:ss.uuuuuu goid file:line msg utf8=✓
W201114 02:18:05.567566 1 cli/start.go:982 ⋮ ‹Using the default setting for --cache (128 MiB).›
‹  A significantly larger value is usually needed for good performance.›
‹  If you have a dedicated server a reasonable setting is --cache=.25 (2.0 GiB).›
I201114 02:18:05.573568 1 cli/start.go:1163 ⋮ ‹CockroachDB CCL v20.2.0 (x86_64-apple-darwin14, built 2020/11/09 16:07:07, go1.13.14)›
I201114 02:18:05.576092 1 server/config.go:433 ⋮ system total memory: ‹8.0 GiB›
I201114 02:18:05.576648 1 server/config.go:435 ⋮ server configuration:
‹max offset             500000000›
‹cache size             128 MiB›
‹SQL memory pool size   2.0 GiB›
‹scan interval          10m0s›
‹scan min idle time     10ms›
‹scan max idle time     1s›
‹event log enabled      true›
I201114 02:18:05.576858 1 cli/start.go:967 ⋮ process identity: ‹uid 501 euid 501 gid 20 egid 20›
I201114 02:18:05.602168 1 cli/start.go:503 ⋮ GEOS loaded from directory ‹/usr/local/lib/cockroach›
I201114 02:18:05.602226 1 cli/start.go:508 ⋮ starting cockroach node
E201114 02:18:10.659310 1 cli/error.go:398 ⋮ ‹ERROR: failed to start server: invalid --advertise-addr: lookup Emilys-MacBook.local: no such host›
